DEBUG 2023-04-12 18:03:39 tool/Logger.h:71
日志打开
DEBUG 2023-04-12 18:03:39 server/Epoll.cpp:23
sockfd in epoll is 0
DEBUG 2023-04-12 18:03:39 server/Main.cpp:78
epoll ok
DEBUG 2023-04-12 18:03:39 server/../pool/Mysqlpool.h:18
数据库连接池申请:20
DEBUG 2023-04-12 18:03:39 server/../pool/Mysqlpool.h:27
数据库连接池申请:20 成功
DEBUG 2023-04-12 18:03:39 server/Main.cpp:83
thread ok
DEBUG 2023-04-12 18:03:40 server/Epoll.cpp:23
sockfd in epoll is 0
INFO 2023-04-12 18:03:40 server/Main.cpp:103
新建连接: ip=PEACE.mshome.net port=1622 fd=26
INFO 2023-04-12 18:03:41 http/Httpparse.cpp:25
GET / HTTP/1.1
Host: 172.21.64.11:9000
Connection: keep-alive
Upgrade-Insecure-Requests: 1
User-Agent: Mozilla/5.0 (Windows NT 10.0; Win64; x64) AppleWebKit/537.36 (KHTML, like Gecko) Chrome/112.0.0.0 Safari/537.36 Edg/112.0.1722.39
Accept: text/html,application/xhtml+xml,application/xml;q=0.9,image/webp,image/apng,*/*;q=0.8,application/signed-exchange;v=b3;q=0.7
Accept-Encoding: gzip, deflate
Accept-Language: zh-CN,zh;q=0.9,en;q=0.8,en-GB;q=0.7,en-US;q=0.6


INFO 2023-04-12 18:03:41 http/Httpparse.cpp:60
headers : Host: 172.21.64.11:9000
INFO 2023-04-12 18:03:41 http/Httpparse.cpp:60
headers : Connection: keep-alive
INFO 2023-04-12 18:03:41 http/Httpparse.cpp:60
headers : Upgrade-Insecure-Requests: 1
INFO 2023-04-12 18:03:41 http/Httpparse.cpp:60
headers : User-Agent: Mozilla/5.0 (Windows NT 10.0; Win64; x64) AppleWebKit/537.36 (KHTML, like Gecko) Chrome/112.0.0.0 Safari/537.36 Edg/112.0.1722.39
INFO 2023-04-12 18:03:41 http/Httpparse.cpp:60
headers : Accept: text/html,application/xhtml+xml,application/xml;q=0.9,image/webp,image/apng,*/*;q=0.8,application/signed-exchange;v=b3;q=0.7
INFO 2023-04-12 18:03:41 http/Httpparse.cpp:60
headers : Accept-Encoding: gzip, deflate
INFO 2023-04-12 18:03:41 http/Httpparse.cpp:60
headers : Accept-Language: zh-CN,zh;q=0.9,en;q=0.8,en-GB;q=0.7,en-US;q=0.6
INFO 2023-04-12 18:03:41 http/Fsm.cpp:22
body_buffer:
INFO 2023-04-12 18:03:41 http/Fsm.cpp:23
请求行:0 1 /
